MQSim started at Mon Dec  8 08:47:01 2025

******************************
Executing scenario 1 out of 1 .......
[>                   ]  0% progress in Host.IO_Flow.Synth.No_0

[=>                  ]  5% progress in Host.IO_Flow.Synth.No_0

[==>                 ]  10% progress in Host.IO_Flow.Synth.No_0

[===>                ]  15% progress in Host.IO_Flow.Synth.No_0

[====>               ]  20% progress in Host.IO_Flow.Synth.No_0

[=====>              ]  25% progress in Host.IO_Flow.Synth.No_0

[======>             ]  30% progress in Host.IO_Flow.Synth.No_0

[=======>            ]  35% progress in Host.IO_Flow.Synth.No_0

[========>           ]  40% progress in Host.IO_Flow.Synth.No_0

[=========>          ]  45% progress in Host.IO_Flow.Synth.No_0

[==========>         ]  50% progress in Host.IO_Flow.Synth.No_0

[===========>        ]  55% progress in Host.IO_Flow.Synth.No_0

[============>       ]  60% progress in Host.IO_Flow.Synth.No_0

[=============>      ]  65% progress in Host.IO_Flow.Synth.No_0

[==============>     ]  70% progress in Host.IO_Flow.Synth.No_0

[===============>    ]  75% progress in Host.IO_Flow.Synth.No_0

[================>   ]  80% progress in Host.IO_Flow.Synth.No_0

[=================>  ]  85% progress in Host.IO_Flow.Synth.No_0

[==================> ]  90% progress in Host.IO_Flow.Synth.No_0

[===================>]  95% progress in Host.IO_Flow.Synth.No_0

[====================]  100% progress in Host.IO_Flow.Synth.No_0

MQSim finished at Mon Dec  8 08:48:37 2025

Total simulation time: 0:1:36

Writing results to output file .......
Flow Host.IO_Flow.Synth.No_0 - total requests generated: 10468815 total requests serviced:10468815
                   - device response time: 1222 (us) end-to-end request delay:1222 (us)
Simulation complete; Press any key to exit.
