SimulationTime(us)	ReponseTime(us)	EndToEndDelay(us)
938520	7	7
939599	8	8
940831	7	7
942097	102	102
943104	551	551
944124	815	815
945128	812	812
946183	939	939
947220	1262	1262
948224	671	671
949230	1590	1590
950304	808	808
951336	1236	1236
952338	1033	1033
953362	1229	1229
954413	1010	1010
955430	1995	1995
956438	1002	1002
957480	906	906
958484	1118	1118
959559	1156	1156
960610	2019	2019
961684	735	735
962758	1184	1184
963766	841	841
964772	2701	2701
965810	1917	1917
966834	1831	1831
967902	1238	1238
968914	1390	1390
969969	1687	1687
971016	2013	2013
972056	2734	2734
973058	1426	1426
974123	2537	2537
975132	10453	10453
976174	18056	18056
977247	15648	15648
978329	16476	16476
979330	16678	16678
980340	16363	16363
981384	12527	12527
982404	18262	18262
983419	11062	11062
984437	21114	21114
985442	14489	14489
986494	14633	14633
987517	20688	20688
988562	14318	14318
989579	23343	23343
990625	20071	20071
991652	22095	22095
992670	26405	26405
993816	27196	27196
994846	30635	30635
995925	30114	30114
996948	22746	22746
997965	26724	26724
999005	24583	24583
1000016	26497	26497
1001094	32972	32972
1002197	36770	36770
1003251	31464	31464
1004267	27030	27030
1005281	34973	34973
1006378	33913	33913
1007604	39152	39152
1008956	44710	44710
1010044	40193	40193
1011062	40942	40942
1012103	37600	37600
1013123	37421	37421
1014163	40078	40078
1015169	39186	39186
1016183	43799	43799
1017276	39521	39521
1018401	46734	46734
1019521	47000	47000
1020582	50704	50704
1021602	46766	46766
1022725	41841	41841
1023732	41332	41332
1025084	60483	60483
1026371	67158	67158
1027384	61747	61872
1028442	67923	67923
1029515	59837	60201
1030552	69694	69694
1031561	63555	64117
1032797	64090	64843
1033828	64925	65721
1034832	63263	64618
1035861	53555	56568
1036965	48907	53368
1038022	49060	54553
1039069	52270	57926
1040084	52076	58331
1041369	60289	64821
1042541	56341	62291
1043594	67698	71072
1044630	56186	63196
1045633	50039	59612
1046685	50474	60628
1047721	62808	69570
1048766	66703	72823
1050003	74414	78331
1051032	60524	70238
1052114	67929	75401
1053218	60922	71841
1054274	59533	71630
1055333	48548	66013
1056338	54004	69800
1057347	49495	67947
1058523	47118	67152
1059620	60473	75312
1060630	59570	75527
1061662	64949	79022
1062845	73386	83910
1063923	64132	79656
1064990	62756	79263
1066008	58986	77808
1067334	55434	76429
1068482	65040	82195
1069523	73050	86780
1070565	68057	85210
1071608	81170	91967
1072657	65377	85578
1073704	76889	91311
1074938	80598	93649
1075969	59897	85730
1076989	62331	87395
1078007	56806	85676
1079086	51236	83956
1080170	74202	93860
1081209	78463	96211
1082218	70443	93683
1083248	75603	96597
1084287	55966	89980
1085408	52229	89456
1086415	68458	96089
1087416	58000	92774
1088532	60432	94335
1089657	71228	98958
1091106	83189	103798
1092133	77725	102765
1093146	65381	99253
1094178	61425	98665
1095190	46147	94316
1096338	56296	98413
1097397	55019	98615
1098739	71413	104594
1099779	71264	105301
1100794	81031	109213
1101930	74248	107803
1102998	77802	109719
1104036	67780	107452
1105064	68235	108311
1106075	58501	105844
1107177	87869	115334
1108304	78311	113412
1109318	75346	113413
1110368	71722	113245
1111534	65642	112346
1112576	61108	111898
1113588	65685	114002
1114620	57899	112509
1115677	58726	113327
1116721	65353	115858
1117983	81192	120974
1119131	114411	130839
1120470	112232	130952
1121481	91300	126118
1122488	98138	128570
1123564	78346	124311
1124611	80706	125556
1125778	100379	131303
1126804	70583	124593
1127804	98678	132416
1128997	108537	134877
1130047	51711	122088
1131097	62746	125651
1132114	74810	129246
1133143	59277	126254
1134190	77959	131360
1135208	65450	129068
1136266	55357	127352
1137318	57039	128190
1138484	87202	136272
1139565	95507	139305
1140589	133156	149409
1141801	136218	150979
1142809	109621	145401
1143892	115818	147834
1145032	92249	142865
1146065	75945	139724
1147101	74422	140066
1148141	73085	140510
1149143	49559	135451
1150193	60020	138629
1151217	70786	142093
1152329	96832	149067
1153574	58012	140401
1154818	86374	148179
1155982	82140	148112
1157023	88193	150303
1158224	92691	152171
1159387	110857	157531
1160564	107536	157759
1161621	89085	154184
1162735	122887	163529
1163846	74615	152681
1164894	75313	153611
1165916	66238	152139
1166964	63351	152051
1167995	74708	155576
1169015	67806	154838
1170138	79545	158398
1171153	39605	149931
1172344	89976	162736
1173349	59273	156148
1174384	78270	161282
1175387	112679	170263
1176405	97639	167379
1177414	79452	163867
1178442	82567	165221
1179485	60660	160691
1180534	77562	165332
1181605	71879	164844
1182621	78960	167420
1183633	86191	170160
1184793	119612	179123
1185889	97115	174758
1187151	102470	176871
1188186	75508	171371
1189190	93748	176411
1190308	72665	171996
1191523	62931	170354
1192536	131555	187766
1193579	93821	179516
1195127	77103	176356
1196258	127752	189963
1197405	106318	185565
1198429	76345	179023
1199454	63471	176643
1200481	113900	189803
1201576	69436	179657
1202617	83245	183960
1203833	80581	184155
1204862	91133	187704
1205890	94754	189457
1206892	82513	187276
1207959	60384	182489
1208997	93313	191080
1210260	136450	202340
1211365	116521	198390
1212385	94064	193962
1213429	78431	190919
1214677	88582	194137
1215870	131905	205778
1216962	93776	197499
1218031	87131	196795
1219040	76427	194860
1220097	63330	192584
1221132	71534	195356
1222290	111855	206096
1223336	92723	202341
1224437	109557	207177
1225504	116700	209958
1226581	91368	204477
1227586	81595	202819
1228938	94357	206775
1230051	95222	207815
1231152	88056	207049
1232174	98614	210478
1233200	64047	202949
1234248	86665	209244
1235257	71099	206176
1236265	69671	206495
1237274	54485	203360
1238340	68472	207696
1239629	154458	230037
1240753	122867	223233
1241770	99407	218404
1242843	95858	218382
1243964	74397	213969
1245109	78554	215847
1246223	92445	219970
1247410	100919	222967
1248627	84420	219929
1249676	75963	218678
1250773	73354	218746
1251862	83720	221864
1252901	85608	223107
1253943	67524	219619
1254967	74806	222251
1256008	66631	221164
1257110	74687	223909
1258151	131536	238266
1259161	106146	233240
1260348	80588	227994
1261422	111789	236123
1262479	90671	232118
1263641	115052	238619
1264687	93671	234229
1265721	127949	243066
1266773	105118	238511
1267960	108987	240248
1269004	81040	234612
1270124	84594	236160
1271184	100116	240612
1272218	105395	242752
1273241	64241	234149
1274244	66034	235235
1275262	78802	238920
1276280	63153	236050
1277314	58920	235685
1278509	121521	251131
1279575	107250	248585
1280747	102186	248328
1281747	96306	247642
1282765	110463	251659
1283842	63118	241291
1284847	71034	244118
1285873	77802	246801
1286914	76456	247202
1287924	84940	249840
1289022	61587	245164
1290067	93942	253602
1291271	121627	260894
1292590	126809	262826
1293785	126407	263635
1294879	138166	267284
1296014	91628	257684
1297357	98507	260234
1298415	113806	264703
1299448	93049	260653
1300530	139713	272191
1301556	79107	259045
1302572	55645	254371
1303621	64265	256953
1304697	80731	261544
1305723	68934	259677
1306825	63678	259109
1307849	65422	260380
1308865	60971	260045
1309902	39539	256093
1311000	118552	275051
1312005	98222	271247
1313174	71844	265932
1314207	98492	272849
1315263	103725	274997
1316309	92426	273125
1317478	117780	279889
1318998	107768	278399
1320054	98811	277348
1321575	65112	270695
1322597	100033	279780
1323708	106709	281992
1324734	94542	280036
1325758	79052	277370
1326845	92989	281307
1327871	89893	281430
1328929	87362	281682
1329949	74559	279567
1330950	55683	275945
1332006	56571	276679
1333011	68633	280173
1334043	106053	289687
1335048	60272	280089
1336338	120525	295030
1337949	102157	291812
1339036	96165	291641
1340084	109436	295599
1341092	103551	295187
1342223	84367	291586
1343231	103980	296632
1344239	118851	300783
1345342	104247	298435
1346441	119198	302672
1347465	109873	301512
1348482	84817	296734
1349566	87508	298097
1350590	84620	298138
1351597	77504	297241
1352625	84528	299591
1353681	81694	299757
1354831	93874	303330
1356094	77920	300452
1357128	90084	304111
1358153	85750	303994
1359255	55738	298074
1360259	98818	308860
1361289	69048	302773
1362390	71512	304126
1363393	70919	304892
1364420	77556	307250
1365427	161314	327173
1366442	117607	317860
1367589	141285	324061
1368594	122231	320529
1369612	99046	316482
1370644	91185	315637
1371673	108695	320293
1372700	91053	317142
1373733	74152	314184
1374771	80727	316382
1375812	121239	326505
1376864	108756	324409
1378066	108089	325085
1379077	87539	321236
1380128	82677	320918
1381169	90540	323419
1382400	104988	327628
1383486	86269	324277
1384526	78725	323641
1385561	82896	325530
1386658	84245	326811
1387732	68909	324241
1388787	123564	337271
1389792	85117	329448
1390865	68704	326787
1391894	65876	327172
1392928	57650	326231
1394051	68345	329275
1395080	70791	330578
1396130	77681	332802
1397204	76358	333277
1398310	102326	339620
1399497	126814	345774
1400536	89466	338660
1401570	77831	337006
1402588	102919	343084
1403595	102737	344083
1404724	96910	343632
1405740	94174	343916
1406820	107198	347533
1407913	88968	344573
1408926	114059	350795
1409957	75866	343335
1411017	90888	347406
1412030	92628	348750
1413086	74376	345838
1414393	94374	351040
1415422	91292	351158
1416452	91451	351931
1417485	98313	354245
1418703	43235	343507
1419809	135345	363795
1420882	114890	360404
1421925	134963	365284
1423005	162924	371526
1424232	162952	372403
1425311	162679	373226
1426538	159010	373099
1427611	157539	373675
1428715	157309	374670
1429849	156907	375394
1430988	157860	376549
1432510	158591	377595
1433710	159307	378739
1434823	159850	379666
1436011	160302	380594
1437131	160883	381775
1438303	160107	382562
1439517	159484	383611
1440567	158895	384371
1441712	158227	385021
1442879	158500	386023
1444102	158645	386855
1445166	156806	387008
1446295	156762	387710
1447471	156925	388713
1448670	156438	389754
1449719	156138	390839
1450896	155504	391820
1452036	155576	392675
1453264	154881	393474
1454309	155206	394358
1455462	155169	395505
1456469	155113	396313
1457732	155275	397197
1458778	155690	398170
1460187	155907	398953
1462485	155305	399777
1463499	156115	401361
1464619	156093	402200
1465776	154610	402943
1466900	153695	403500
1468009	151450	404064
1469197	150165	404687
1470343	150000	405562
1471682	149795	406633
1472989	149475	407898
1474729	149550	409211
1476254	150318	410674
1477258	150837	411980
1478759	150296	412622
1480280	150584	413528
1481807	151215	414939
1483147	151374	416011
1484155	151770	417131
1485408	152205	418116
1486415	151248	418897
1487748	149315	419676
1489465	148512	420780
1490968	148497	422204
1492514	148145	423054
1494043	144843	423979
1495565	142712	424515
1496876	142040	425607
1497906	142166	426587
1499466	142811	427912
1500719	143775	429161
1501758	143299	429933
1503194	143373	430924
1504539	143428	432003
1505579	143963	433231
1507005	144196	434339
1508358	144531	435213
1509892	143453	436200
1510902	142403	437335
1512189	141351	438171
1513221	141087	439081
1514463	140586	439653
1515465	140660	440584
1516764	140367	441615
1517786	140419	442479
